<?xml version="1.0" encoding="utf-8"?><testsuites><testsuite name="pytest" errors="0" failures="0" skipped="1" tests="2" time="23.951" timestamp="2025-08-05T17:13:40.456968+08:00" hostname="mayundebijibendiannao.local"><testcase classname="testcase.test_1_login.TestLogin" name="test_login_pass[case0]" time="21.906" /><testcase classname="testcase.test_1_login.TestLogin" name="test_login_error_case[case0]" time="2.012"><skipped type="pytest.skip" message="unconditional skip">/Users/mayun/project/solarpilot/solar_web/testcase/test_1_login.py:92: unconditional skip</skipped></testcase></testsuite></testsuites>